<?xml version="1.0" encoding="UTF-8"?>
<!-- Generated by org.testng.reporters.JUnitXMLReporter -->
<testsuite hostname="DESKTOP-ESTJER3" name="Command line test" tests="9" failures="0" timestamp="14 May 2018 01:11:20 GMT" time="0.063" errors="0">
  <testcase name="testComputeAllOpenFrames" time="0.063" classname="com.quocphaminc.bowlingscorecalculator.BowlingGameNGTest"/>
  <testcase name="testComputeAllSpares" time="0.0" classname="com.quocphaminc.bowlingscorecalculator.BowlingGameNGTest"/>
  <testcase name="testComputeTotalAllStrikes" time="0.0" classname="com.quocphaminc.bowlingscorecalculator.BowlingGameNGTest"/>
  <testcase name="testParseAllOpenFrames" time="0.0" classname="com.quocphaminc.bowlingscorecalculator.BowlingGameNGTest"/>
  <testcase name="testParseAllStrikes" time="0.0" classname="com.quocphaminc.bowlingscorecalculator.BowlingGameNGTest"/>
  <testcase name="testParseMixedSFrames" time="0.0" classname="com.quocphaminc.bowlingscorecalculator.BowlingGameNGTest"/>
  <testcase name="testAddBonus" time="0.0" classname="com.quocphaminc.bowlingscorecalculator.FrameNGTest"/>
  <testcase name="testAddRoll" time="0.0" classname="com.quocphaminc.bowlingscorecalculator.FrameNGTest"/>
  <testcase name="testCreateFrame" time="0.0" classname="com.quocphaminc.bowlingscorecalculator.FrameNGTest"/>
</testsuite> <!-- Command line test -->
